Determining if the pthread_create exist failed with the following output:
Change Dir: /home/dream/ros_study/Burberry_ws/build/CMakeFiles/CMakeTmp

Run Build Command:"/usr/bin/make" "cmTC_637d1/fast"
/usr/bin/make -f CMakeFiles/cmTC_637d1.dir/build.make CMakeFiles/cmTC_637d1.dir/build
make[1]: Entering directory '/home/dream/ros_study/Burberry_ws/build/CMakeFiles/CMakeTmp'
Building C object CMakeFiles/cmTC_637d1.dir/CheckSymbolExists.c.o
/usr/bin/cc    -o CMakeFiles/cmTC_637d1.dir/CheckSymbolExists.c.o   -c /home/dream/ros_study/Burberry_ws/build/CMakeFiles/CMakeTmp/CheckSymbolExists.c
Linking C executable cmTC_637d1
/usr/bin/cmake -E cmake_link_script CMakeFiles/cmTC_637d1.dir/link.txt --verbose=1
/usr/bin/cc      -rdynamic CMakeFiles/cmTC_637d1.dir/CheckSymbolExists.c.o  -o cmTC_637d1 
CMakeFiles/cmTC_637d1.dir/CheckSymbolExists.c.o: In function `main':
CheckSymbolExists.c:(.text+0x14): undefined reference to `pthread_create'
CheckSymbolExists.c:(.text+0x18): undefined reference to `pthread_create'
collect2: error: ld returned 1 exit status
CMakeFiles/cmTC_637d1.dir/build.make:97: recipe for target 'cmTC_637d1' failed
make[1]: *** [cmTC_637d1] Error 1
make[1]: Leaving directory '/home/dream/ros_study/Burberry_ws/build/CMakeFiles/CMakeTmp'
Makefile:126: recipe for target 'cmTC_637d1/fast' failed
make: *** [cmTC_637d1/fast] Error 2

File /home/dream/ros_study/Burberry_ws/build/CMakeFiles/CMakeTmp/CheckSymbolExists.c:
/* */
#include <pthread.h>

int main(int argc, char** argv)
{
  (void)argv;
#ifndef pthread_create
  return ((int*)(&pthread_create))[argc];
#else
  (void)argc;
  return 0;
#endif
}

Determining if the function pthread_create exists in the pthreads failed with the following output:
Change Dir: /home/dream/ros_study/Burberry_ws/build/CMakeFiles/CMakeTmp

Run Build Command:"/usr/bin/make" "cmTC_0ff68/fast"
/usr/bin/make -f CMakeFiles/cmTC_0ff68.dir/build.make CMakeFiles/cmTC_0ff68.dir/build
make[1]: Entering directory '/home/dream/ros_study/Burberry_ws/build/CMakeFiles/CMakeTmp'
Building C object CMakeFiles/cmTC_0ff68.dir/CheckFunctionExists.c.o
/usr/bin/cc   -DCHECK_FUNCTION_EXISTS=pthread_create   -o CMakeFiles/cmTC_0ff68.dir/CheckFunctionExists.c.o   -c /usr/share/cmake-3.10/Modules/CheckFunctionExists.c
Linking C executable cmTC_0ff68
/usr/bin/cmake -E cmake_link_script CMakeFiles/cmTC_0ff68.dir/link.txt --verbose=1
/usr/bin/cc  -DCHECK_FUNCTION_EXISTS=pthread_create    -rdynamic CMakeFiles/cmTC_0ff68.dir/CheckFunctionExists.c.o  -o cmTC_0ff68 -lpthreads 
/usr/bin/ld: cannot find -lpthreads
collect2: error: ld returned 1 exit status
CMakeFiles/cmTC_0ff68.dir/build.make:97: recipe for target 'cmTC_0ff68' failed
make[1]: *** [cmTC_0ff68] Error 1
make[1]: Leaving directory '/home/dream/ros_study/Burberry_ws/build/CMakeFiles/CMakeTmp'
Makefile:126: recipe for target 'cmTC_0ff68/fast' failed
make: *** [cmTC_0ff68/fast] Error 2


